SF:lib/services/repos.dart
DA:15,1
DA:19,0
DA:20,2
DA:21,3
DA:22,0
DA:23,0
DA:25,3
DA:26,3
DA:27,4
DA:52,0
DA:53,0
DA:54,0
DA:56,0
DA:57,0
DA:60,0
DA:63,0
DA:67,0
DA:70,0
DA:73,0
DA:77,0
DA:78,0
DA:79,0
DA:80,0
DA:81,0
DA:82,0
DA:83,0
DA:95,0
DA:100,1
DA:102,3
DA:103,2
DA:104,1
DA:106,0
DA:110,1
DA:112,3
DA:113,3
DA:115,0
DA:119,1
DA:121,3
DA:122,3
DA:124,0
DA:130,1
DA:143,4
DA:153,1
DA:155,2
DA:157,0
DA:161,1
DA:166,4
DA:170,1
DA:172,2
DA:173,2
DA:174,2
DA:175,2
DA:176,2
DA:178,0
DA:182,1
DA:184,3
DA:185,2
DA:186,2
DA:188,0
DA:192,0
DA:197,0
DA:201,0
DA:203,0
DA:205,0
DA:209,0
DA:210,0
DA:211,0
DA:213,0
DA:214,0
DA:215,0
DA:216,0
DA:219,0
DA:223,0
DA:224,0
DA:226,0
DA:228,0
DA:232,0
DA:233,0
DA:234,0
DA:235,0
DA:239,0
DA:246,0
DA:248,0
DA:249,0
DA:251,0
DA:255,0
DA:257,0
DA:262,0
DA:266,0
DA:268,0
DA:269,0
DA:270,0
DA:273,0
DA:277,0
DA:282,0
DA:283,0
DA:284,0
DA:285,0
DA:287,0
DA:288,0
DA:289,0
DA:291,0
DA:293,0
LF:103
LH:32
end_of_record
SF:lib/blocs/auth_bloc.dart
DA:16,1
DA:17,0
DA:18,2
DA:21,1
DA:22,1
DA:23,2
DA:24,3
DA:25,1
DA:26,2
DA:28,3
DA:30,0
DA:31,0
DA:33,0
DA:34,0
DA:37,1
DA:38,2
DA:40,2
DA:43,1
DA:44,4
DA:45,3
DA:46,1
DA:47,3
DA:48,2
DA:49,1
DA:50,4
DA:51,0
DA:52,0
DA:53,0
DA:55,0
DA:56,0
DA:63,2
DA:64,0
DA:65,0
DA:71,0
DA:80,0
DA:81,0
DA:82,0
DA:84,0
DA:90,2
DA:91,0
DA:92,0
DA:93,0
DA:94,0
DA:99,1
DA:100,0
DA:101,0
DA:102,0
DA:103,0
DA:108,0
DA:109,0
DA:110,0
DA:111,0
DA:112,0
DA:117,1
DA:118,1
DA:127,1
DA:128,1
DA:129,2
DA:130,0
DA:131,0
DA:136,2
DA:137,1
DA:138,2
DA:139,0
DA:141,0
DA:142,0
DA:147,5
DA:148,1
DA:149,2
DA:150,0
DA:152,0
DA:153,0
LF:72
LH:34
end_of_record
SF:lib/blocs/changePw_bloc.dart
DA:10,2
DA:11,0
DA:12,4
DA:15,2
DA:16,2
DA:17,4
DA:18,6
DA:19,2
DA:20,2
DA:21,2
DA:22,2
DA:23,0
DA:25,4
DA:32,2
DA:33,0
DA:34,0
DA:42,2
DA:48,0
DA:49,0
DA:54,2
DA:56,1
DA:57,1
DA:69,0
DA:71,0
DA:72,0
DA:74,0
DA:75,0
LF:27
LH:16
end_of_record
SF:lib/blocs/cart_bloc.dart
DA:13,3
DA:16,1
DA:17,1
DA:18,2
DA:19,1
DA:20,2
DA:21,1
DA:22,2
DA:23,4
DA:24,2
DA:25,3
DA:26,2
DA:27,2
DA:29,0
DA:33,1
DA:34,2
DA:35,3
DA:36,1
DA:37,2
DA:40,0
DA:41,0
DA:43,0
DA:44,0
DA:45,0
DA:47,0
DA:48,0
DA:51,2
DA:55,1
DA:56,1
DA:57,1
DA:58,4
DA:59,4
DA:60,1
DA:61,0
DA:63,3
DA:71,2
DA:72,0
DA:73,0
DA:80,1
DA:81,0
DA:82,0
DA:87,2
DA:88,0
DA:89,0
DA:95,2
DA:96,1
DA:97,1
DA:106,2
DA:107,1
DA:108,4
DA:110,1
DA:111,7
DA:115,1
DA:116,2
DA:117,0
DA:119,0
DA:120,0
DA:127,1
DA:128,3
DA:129,0
DA:134,1
DA:135,1
DA:136,2
LF:63
LH:44
end_of_record
SF:lib/blocs/catalog_bloc.dart
DA:11,3
DA:14,1
DA:15,1
DA:17,2
DA:18,3
DA:19,0
DA:21,0
DA:23,0
DA:24,3
DA:26,3
DA:27,3
DA:28,2
DA:35,2
DA:37,3
DA:38,1
DA:39,2
DA:41,0
DA:50,1
DA:51,0
DA:52,0
DA:56,0
DA:62,2
DA:63,1
DA:64,1
DA:74,2
DA:76,1
DA:77,2
DA:78,0
DA:80,0
DA:81,0
DA:87,1
DA:89,1
DA:90,1
DA:92,0
DA:93,0
LF:35
LH:23
end_of_record
SF:lib/blocs/register_bloc.dart
DA:12,3
DA:14,0
DA:15,6
DA:18,3
DA:19,3
DA:20,6
DA:21,3
DA:23,6
DA:24,2
DA:25,2
DA:27,4
DA:31,2
DA:33,2
DA:34,2
DA:35,3
DA:36,1
DA:37,1
DA:38,1
DA:39,1
DA:40,1
DA:41,3
DA:42,2
DA:44,2
DA:46,2
DA:47,4
DA:48,6
DA:49,2
DA:50,2
DA:51,2
DA:52,2
DA:53,2
DA:54,2
DA:55,3
DA:56,2
DA:58,2
DA:67,3
DA:68,0
DA:69,0
DA:76,3
DA:77,0
DA:78,0
DA:80,0
DA:81,0
DA:90,1
DA:97,0
DA:98,0
DA:100,0
DA:102,0
DA:103,0
DA:113,2
DA:121,0
DA:122,0
DA:124,0
DA:126,0
DA:132,3
DA:133,1
DA:134,1
DA:143,3
DA:144,1
DA:145,2
DA:146,0
DA:147,0
DA:154,1
DA:155,3
DA:156,0
DA:157,0
DA:158,0
DA:164,2
DA:166,1
DA:167,2
DA:169,0
DA:170,0
LF:72
LH:49
end_of_record
SF:lib/blocs/login_bloc.dart
DA:11,3
DA:13,0
DA:14,6
DA:17,3
DA:18,3
DA:19,4
DA:20,2
DA:21,6
DA:22,2
DA:23,0
DA:25,4
DA:29,2
DA:32,3
DA:33,4
DA:34,6
DA:35,2
DA:36,2
DA:37,2
DA:39,2
DA:40,2
DA:41,2
DA:42,4
DA:44,4
DA:52,3
DA:53,0
DA:54,0
DA:62,2
DA:63,0
DA:64,0
DA:66,0
DA:68,0
DA:76,2
DA:82,0
DA:83,0
DA:88,3
DA:89,1
DA:90,1
DA:99,1
DA:100,0
DA:101,0
DA:102,0
DA:108,1
DA:109,1
DA:110,2
DA:111,0
DA:112,0
DA:117,1
DA:118,1
DA:119,2
DA:120,0
DA:121,0
DA:128,3
DA:129,1
DA:130,2
DA:131,0
DA:132,0
LF:56
LH:37
end_of_record
SF:lib/forms/cart_form.dart
DA:9,1
DA:11,1
DA:12,1
DA:13,1
DA:14,1
DA:15,1
DA:16,1
DA:17,0
DA:20,1
DA:21,1
DA:22,1
DA:23,1
DA:24,1
DA:26,1
DA:29,1
DA:30,1
DA:39,1
DA:41,1
DA:42,1
DA:43,1
DA:44,1
DA:45,1
DA:46,1
DA:47,2
DA:48,2
DA:49,2
DA:50,2
DA:52,2
DA:53,4
DA:54,3
DA:55,4
DA:56,4
DA:57,2
DA:58,4
DA:60,1
DA:63,0
DA:64,0
DA:65,0
DA:68,0
DA:75,1
DA:78,4
DA:80,1
DA:82,1
DA:83,2
DA:84,1
DA:85,0
DA:86,0
DA:87,0
DA:88,0
DA:90,2
DA:91,1
DA:92,1
DA:93,2
DA:94,0
DA:96,1
DA:97,0
DA:98,0
DA:100,1
DA:101,1
DA:102,2
DA:103,3
DA:105,1
DA:108,1
DA:110,3
DA:112,1
DA:114,1
DA:115,2
DA:119,1
DA:120,0
DA:121,1
DA:123,1
DA:124,2
DA:129,0
LF:73
LH:59
end_of_record
SF:lib/forms/home_form.dart
DA:12,2
DA:14,1
DA:16,1
DA:17,2
DA:25,2
DA:26,1
DA:27,2
DA:38,1
DA:40,1
DA:42,3
DA:43,1
DA:44,0
DA:47,1
DA:50,1
DA:52,2
DA:53,1
DA:54,0
DA:57,0
DA:58,0
DA:59,0
DA:60,0
DA:61,0
DA:62,0
DA:63,0
DA:68,1
DA:69,3
DA:70,3
DA:71,2
DA:72,1
DA:73,0
DA:74,1
DA:75,0
DA:76,0
DA:77,0
DA:78,0
DA:79,0
DA:80,0
DA:81,0
DA:85,1
DA:86,4
DA:87,1
DA:89,1
DA:90,1
DA:91,1
DA:92,1
DA:93,0
DA:94,0
DA:98,1
DA:99,4
DA:100,3
DA:101,3
DA:104,1
DA:105,1
DA:106,4
DA:107,3
DA:108,1
DA:109,1
DA:110,1
DA:112,0
DA:113,0
DA:115,1
DA:116,1
DA:118,0
DA:120,2
DA:121,1
DA:122,1
DA:124,0
DA:125,0
DA:126,0
DA:128,0
DA:131,0
DA:135,2
DA:136,0
DA:137,0
DA:139,0
DA:140,0
DA:141,0
DA:142,0
DA:143,0
DA:144,0
DA:149,1
DA:150,1
DA:151,2
DA:152,1
DA:153,1
DA:156,0
DA:161,1
DA:162,1
DA:165,1
DA:167,1
DA:169,2
DA:170,1
DA:171,2
DA:172,2
DA:173,1
DA:174,0
DA:175,0
DA:176,1
DA:177,1
DA:181,1
DA:182,1
DA:186,1
DA:189,1
DA:190,1
DA:192,1
DA:199,2
DA:200,2
DA:201,1
DA:210,1
DA:212,1
DA:213,5
DA:214,1
DA:215,3
DA:216,1
DA:217,1
DA:218,2
DA:219,0
DA:220,0
DA:221,0
DA:227,1
DA:228,1
DA:229,1
DA:230,1
DA:232,1
DA:233,1
DA:235,1
DA:236,1
DA:237,1
DA:238,1
DA:239,1
DA:242,2
DA:243,1
DA:244,1
DA:246,1
DA:248,1
DA:249,1
DA:250,1
DA:251,1
DA:252,2
DA:253,2
DA:255,1
DA:257,1
DA:258,1
DA:259,2
DA:261,1
DA:262,2
DA:267,2
DA:268,1
DA:269,4
DA:270,1
DA:275,1
DA:276,1
DA:277,0
DA:278,0
DA:279,1
DA:282,1
DA:283,1
DA:284,1
DA:285,2
DA:286,1
DA:287,1
DA:291,1
DA:293,4
DA:294,1
DA:299,1
DA:301,1
DA:302,1
DA:305,1
DA:318,1
DA:319,3
DA:320,1
DA:322,1
DA:325,1
DA:326,1
DA:327,1
DA:328,1
DA:330,1
DA:331,1
DA:332,1
DA:333,1
DA:334,1
DA:343,0
DA:344,0
DA:347,0
DA:348,0
DA:349,0
DA:350,0
DA:351,0
DA:352,0
DA:354,0
DA:355,0
DA:356,0
DA:357,0
DA:358,0
DA:359,0
DA:360,0
DA:361,0
DA:364,0
DA:365,0
DA:366,0
DA:367,0
DA:368,0
DA:369,0
DA:370,0
DA:371,0
LF:205
LH:138
end_of_record
SF:lib/forms/product_form.dart
DA:10,0
DA:11,0
DA:12,0
DA:22,0
DA:24,0
DA:26,0
DA:27,0
DA:28,0
DA:29,0
DA:30,0
DA:31,0
DA:32,0
DA:33,0
DA:37,0
DA:38,0
DA:39,0
DA:40,0
DA:41,0
DA:42,0
DA:44,0
DA:51,0
DA:52,0
DA:53,0
DA:54,0
DA:55,0
DA:57,0
DA:58,0
DA:62,0
DA:63,0
DA:64,0
DA:65,0
DA:66,0
DA:67,0
DA:69,0
DA:73,0
DA:74,0
DA:75,0
DA:76,0
DA:79,0
DA:84,0
DA:94,0
DA:96,0
DA:99,0
DA:100,0
DA:101,0
DA:102,0
DA:103,0
DA:111,0
DA:113,0
DA:115,0
DA:121,0
DA:123,0
DA:124,0
DA:127,0
DA:130,0
DA:136,0
DA:137,0
DA:140,0
DA:141,0
DA:142,0
DA:143,0
DA:146,0
DA:147,0
DA:148,0
DA:149,0
DA:150,0
DA:151,0
DA:154,0
DA:155,0
DA:156,0
DA:160,0
DA:161,0
DA:162,0
DA:163,0
DA:164,0
DA:165,0
DA:168,0
DA:169,0
DA:170,0
DA:182,0
DA:183,0
DA:184,0
DA:185,0
DA:187,0
DA:188,0
DA:189,0
DA:190,0
DA:191,0
DA:194,0
DA:195,0
DA:198,0
DA:199,0
DA:202,0
DA:204,0
DA:205,0
DA:206,0
DA:207,0
DA:208,0
DA:209,0
DA:211,0
DA:212,0
DA:213,0
DA:217,0
DA:218,0
DA:219,0
DA:220,0
DA:224,0
DA:225,0
DA:226,0
DA:227,0
DA:228,0
DA:229,0
DA:230,0
DA:232,0
DA:233,0
DA:235,0
DA:239,0
DA:240,0
DA:241,0
DA:248,0
LF:120
LH:0
end_of_record
SF:lib/forms/about_form.dart
DA:7,0
DA:9,0
DA:10,0
DA:11,0
DA:56,0
DA:59,0
DA:60,0
DA:65,0
DA:68,0
DA:69,0
LF:10
LH:0
end_of_record
SF:lib/forms/splash_form.dart
DA:4,0
DA:6,0
DA:7,0
DA:8,0
LF:4
LH:0
end_of_record
SF:lib/forms/login_form.dart
DA:18,2
DA:19,2
DA:22,4
DA:23,4
DA:24,2
DA:25,0
DA:26,0
DA:29,2
DA:30,2
DA:31,4
DA:33,3
DA:34,2
DA:35,2
DA:36,2
DA:37,0
DA:40,2
DA:41,6
DA:42,6
DA:43,2
DA:44,4
DA:53,2
DA:54,2
DA:55,4
DA:67,2
DA:69,2
DA:71,6
DA:72,2
DA:73,4
DA:75,2
DA:78,2
DA:80,2
DA:81,4
DA:82,0
DA:84,2
DA:85,2
DA:86,2
DA:87,2
DA:88,2
DA:89,2
DA:90,0
DA:91,0
DA:92,0
DA:93,0
DA:94,0
DA:99,4
DA:100,4
DA:101,2
DA:104,2
DA:105,1
DA:108,2
DA:109,2
DA:110,4
DA:112,2
DA:113,0
DA:114,0
DA:116,2
DA:117,0
DA:118,0
DA:122,4
DA:123,2
DA:124,4
DA:125,6
DA:126,6
DA:127,6
DA:129,4
DA:130,2
DA:131,0
DA:132,2
DA:133,2
DA:134,2
DA:135,0
DA:136,2
DA:138,2
DA:139,2
DA:140,2
DA:142,2
DA:143,2
DA:144,2
DA:145,2
DA:146,2
DA:147,2
DA:150,2
DA:151,2
DA:152,2
DA:153,2
DA:158,2
DA:159,2
DA:160,2
DA:161,2
DA:163,2
DA:164,0
DA:165,0
DA:168,0
DA:169,0
DA:170,0
DA:171,0
DA:172,0
DA:173,0
DA:174,0
DA:184,1
DA:185,1
DA:187,1
DA:188,1
DA:189,1
DA:190,1
DA:191,1
DA:192,1
DA:193,1
DA:194,1
DA:196,1
DA:198,1
DA:199,1
DA:204,1
DA:205,1
DA:206,1
DA:207,1
DA:208,1
DA:213,1
DA:214,1
DA:216,1
DA:217,0
DA:218,0
DA:219,0
DA:222,2
DA:227,1
DA:228,1
DA:229,1
DA:230,1
DA:231,3
DA:232,1
DA:233,2
DA:234,1
DA:236,2
DA:237,1
DA:239,1
DA:241,1
DA:242,1
DA:243,1
DA:244,1
DA:246,2
DA:248,0
DA:249,0
DA:252,1
DA:253,1
DA:254,1
DA:255,1
DA:257,2
DA:259,2
DA:262,0
DA:264,0
DA:265,0
DA:266,0
DA:268,0
DA:272,1
DA:273,1
DA:274,0
DA:286,1
DA:287,1
DA:290,1
DA:291,1
DA:292,1
DA:293,2
DA:294,1
DA:297,2
DA:298,1
DA:299,1
DA:302,1
DA:303,0
DA:307,1
DA:308,1
DA:309,1
DA:310,0
DA:311,0
DA:314,1
DA:315,1
DA:316,0
DA:317,0
LF:177
LH:137
end_of_record
SF:lib/forms/register_form.dart
DA:16,2
DA:17,2
DA:20,4
DA:22,4
DA:23,2
DA:24,2
DA:25,2
DA:26,4
DA:28,3
DA:29,2
DA:30,2
DA:31,2
DA:32,0
DA:35,2
DA:36,2
DA:37,4
DA:38,4
DA:39,2
DA:40,2
DA:41,4
DA:50,2
DA:52,2
DA:53,4
DA:69,2
DA:71,2
DA:75,2
DA:76,2
DA:77,2
DA:78,2
DA:79,2
DA:80,2
DA:82,2
DA:83,1
DA:85,2
DA:86,0
DA:87,0
DA:88,0
DA:89,0
DA:91,0
DA:94,0
DA:95,0
DA:96,0
DA:101,4
DA:102,4
DA:103,2
DA:104,2
DA:105,4
DA:106,0
DA:107,2
DA:108,1
DA:109,2
DA:111,2
DA:112,2
DA:114,2
DA:115,2
DA:116,4
DA:117,2
DA:118,2
DA:119,2
DA:120,2
DA:121,2
DA:122,1
DA:123,1
DA:128,2
DA:129,2
DA:130,2
DA:131,2
DA:132,2
DA:133,1
DA:134,1
DA:139,2
DA:140,2
DA:142,2
DA:145,2
DA:146,2
DA:147,2
DA:149,2
DA:150,2
DA:151,1
DA:152,1
DA:154,1
DA:156,1
DA:162,2
DA:163,2
DA:164,4
DA:165,2
DA:166,2
DA:167,2
DA:168,2
DA:169,0
DA:171,0
DA:172,0
DA:173,0
DA:174,0
DA:175,0
DA:176,0
DA:177,0
DA:178,0
DA:179,0
DA:181,0
DA:182,0
DA:183,0
DA:184,0
DA:189,2
DA:190,2
DA:192,2
DA:193,4
DA:194,2
DA:195,2
DA:196,2
DA:198,2
DA:199,2
DA:200,1
DA:201,1
DA:206,2
DA:207,2
DA:210,2
DA:211,2
DA:212,2
DA:213,2
DA:218,2
DA:219,2
DA:220,2
DA:221,2
DA:222,2
DA:226,0
DA:227,0
DA:230,0
DA:231,0
DA:232,0
DA:233,0
DA:239,2
DA:240,2
DA:241,2
DA:242,2
DA:244,1
DA:246,2
DA:247,3
DA:248,1
DA:249,1
DA:250,3
DA:251,1
DA:252,1
DA:253,1
DA:254,1
DA:255,2
DA:257,2
DA:258,2
DA:259,2
LF:149
LH:119
end_of_record
SF:lib/forms/changePw_form.dart
DA:10,1
DA:18,1
DA:19,1
DA:21,1
DA:22,1
DA:23,1
DA:24,1
DA:25,1
DA:26,1
DA:27,0
DA:28,0
DA:31,1
DA:32,1
DA:33,2
DA:35,1
DA:36,2
DA:37,2
DA:48,1
DA:49,1
DA:50,1
DA:52,3
DA:64,1
DA:66,1
DA:68,1
DA:69,1
DA:70,1
DA:71,0
DA:72,0
DA:73,0
DA:78,1
DA:79,2
DA:82,2
DA:83,1
DA:84,1
DA:85,1
DA:87,1
DA:88,1
DA:89,2
DA:90,1
DA:91,1
DA:92,1
DA:93,1
DA:94,3
DA:95,1
DA:96,1
DA:97,1
DA:99,1
DA:100,1
DA:101,1
DA:105,1
DA:106,0
DA:107,0
DA:108,0
DA:111,2
DA:116,1
DA:117,1
DA:119,1
DA:121,1
DA:126,1
DA:127,1
DA:128,1
DA:129,1
DA:130,1
DA:133,1
DA:134,0
DA:135,0
DA:136,0
DA:139,2
DA:144,1
DA:145,1
DA:146,1
DA:148,3
DA:153,1
DA:154,1
DA:155,1
DA:156,1
DA:157,3
DA:158,1
DA:159,2
DA:160,1
DA:161,1
DA:162,1
DA:163,2
LF:83
LH:72
end_of_record
SF:lib/forms/undefined_form.dart
DA:5,0
DA:6,0
DA:8,0
DA:9,0
DA:10,0
LF:5
LH:0
end_of_record
SF:lib/helper_functions.dart
DA:5,3
DA:6,3
DA:7,3
DA:8,3
DA:9,3
DA:10,3
DA:12,3
DA:13,6
LF:8
LH:8
end_of_record
SF:lib/models/authenticate.dart
DA:9,9
DA:10,18
DA:12,6
DA:20,9
DA:27,18
DA:28,9
DA:29,9
DA:30,18
DA:31,18
DA:34,4
DA:35,2
DA:36,2
DA:37,4
DA:38,4
LF:14
LH:14
end_of_record
SF:lib/models/user.dart
DA:7,0
DA:9,0
DA:25,9
DA:40,18
DA:41,9
DA:42,9
DA:43,9
DA:44,9
DA:45,9
DA:46,9
DA:47,9
DA:48,36
DA:49,9
DA:50,9
DA:51,9
DA:52,9
DA:55,4
DA:56,2
DA:57,2
DA:58,2
DA:59,2
DA:60,2
DA:61,2
DA:62,2
DA:63,8
DA:64,2
DA:65,2
DA:66,2
DA:67,2
LF:29
LH:27
end_of_record
SF:lib/models/company.dart
DA:7,0
DA:9,0
DA:20,10
DA:30,18
DA:31,9
DA:32,9
DA:33,9
DA:34,9
DA:35,9
DA:36,9
DA:37,9
DA:40,4
DA:41,2
DA:42,2
DA:43,2
DA:44,2
DA:45,2
DA:46,2
DA:47,2
LF:19
LH:17
end_of_record
SF:lib/models/companies.dart
DA:8,6
DA:10,3
DA:13,2
DA:19,4
DA:20,2
DA:21,10
DA:24,2
DA:25,5
DA:27,0
DA:28,0
DA:29,0
LF:11
LH:8
end_of_record
SF:lib/models/product.dart
DA:9,0
DA:11,0
DA:21,3
DA:30,6
DA:31,3
DA:32,3
DA:33,3
DA:34,6
DA:35,3
DA:36,12
DA:37,12
DA:38,0
DA:40,0
DA:41,0
DA:42,0
DA:43,0
DA:44,0
DA:45,0
DA:46,0
DA:49,0
DA:51,0
DA:52,0
DA:53,0
LF:23
LH:9
end_of_record
SF:lib/models/category.dart
DA:9,0
DA:11,0
DA:20,3
DA:28,6
DA:29,3
DA:30,3
DA:31,3
DA:32,3
DA:33,12
DA:34,12
DA:35,0
DA:37,0
DA:38,0
DA:39,0
DA:40,0
DA:41,0
DA:42,0
DA:45,0
DA:47,0
LF:19
LH:8
end_of_record
SF:lib/models/catalog.dart
DA:8,9
DA:10,0
DA:16,3
DA:21,0
DA:22,0
DA:23,0
DA:25,0
DA:26,0
DA:27,0
DA:29,6
DA:30,3
DA:31,12
DA:32,3
DA:33,12
DA:36,0
DA:37,0
DA:38,0
LF:17
LH:7
end_of_record
SF:lib/models/order.dart
DA:7,3
DA:9,0
DA:12,2
DA:46,2
DA:47,1
DA:48,1
DA:49,1
DA:50,1
DA:51,1
DA:52,1
DA:53,1
DA:54,1
DA:55,1
DA:56,1
DA:57,2
DA:58,1
DA:59,1
DA:60,1
DA:61,4
DA:64,0
DA:65,0
DA:66,0
DA:67,0
DA:68,0
DA:69,0
DA:70,0
DA:71,0
DA:72,0
DA:73,0
DA:74,0
DA:75,0
DA:76,0
DA:77,0
DA:78,0
DA:79,0
DA:84,2
DA:98,2
DA:99,1
DA:100,1
DA:101,1
DA:102,2
DA:103,2
DA:105,0
DA:106,0
DA:107,0
DA:108,0
DA:109,0
DA:110,0
LF:48
LH:25
end_of_record
SF:lib/models/orders.dart
DA:8,0
DA:10,0
DA:13,0
DA:19,0
DA:20,0
DA:23,0
DA:24,0
LF:7
LH:0
end_of_record
SF:lib/models/currencyList.dart
DA:7,2
DA:8,4
DA:10,3
DA:13,2
DA:19,4
DA:20,8
DA:23,2
DA:24,4
DA:26,0
LF:9
LH:8
end_of_record
SF:lib/router.dart
DA:6,2
DA:7,6
DA:8,6
DA:9,2
DA:10,2
DA:11,0
DA:12,0
DA:13,2
DA:14,0
DA:15,0
DA:16,2
DA:17,1
DA:18,3
DA:19,1
DA:20,1
DA:21,3
DA:22,0
DA:23,0
DA:24,0
DA:25,0
DA:26,0
DA:28,0
DA:29,0
LF:23
LH:12
end_of_record
